# JRE version: OpenJDK Runtime Environment Corretto-17.0.13.11.1 (17.0.13+11) (build 17.0.13+11-LTS)
# Java VM: OpenJDK 64-Bit Server VM Corretto-17.0.13.11.1 (17.0.13+11-LTS, mixed mode, emulated-client, sharing, tiered, compressed oops, compressed class ptrs, g1 gc, windows-amd64)
GC Precious Log:
 CPUs: 12 total, 12 available
 Memory: 32578M
 Large Page Support: Disabled
 NUMA Support: Disabled
 Compressed Oops: Enabled (Zero based)
 Heap Region Size: 4M
 Heap Min Capacity: 8M
 Heap Initial Capacity: 512M
 Heap Max Capacity: 8148M
 Pre-touch: Disabled
 Parallel Workers: 10
 Concurrent Workers: 3
 Concurrent Refinement Workers: 10
 Periodic GC: Disabled
Heap:
 garbage-first heap   total 69632K, used 31434K [0x0000000602c00000, 0x0000000800000000)
  region size 4096K, 6 young (24576K), 1 survivors (4096K)
 Metaspace       used 30748K, committed 31168K, reserved 1114112K
  class space    used 4208K, committed 4416K, reserved 1048576K
GC Heap History (12 events):
Event: 0.394 GC heap before
{Heap before GC invocations=0 (full 0):
 garbage-first heap   total 524288K, used 24576K [0x0000000602c00000, 0x0000000800000000)
  region size 4096K, 6 young (24576K), 0 survivors (0K)
 Metaspace       used 8044K, committed 8256K, reserved 1114112K
  class space    used 1035K, committed 1152K, reserved 1048576K
}
Event: 0.396 GC heap after
{Heap after GC invocations=1 (full 0):
 garbage-first heap   total 524288K, used 5088K [0x0000000602c00000, 0x0000000800000000)
  region size 4096K, 1 young (4096K), 1 survivors (4096K)
 Metaspace       used 8044K, committed 8256K, reserved 1114112K
  class space    used 1035K, committed 1152K, reserved 1048576K
}
Event: 0.555 GC heap before
{Heap before GC invocations=1 (full 0):
 garbage-first heap   total 524288K, used 21472K [0x0000000602c00000, 0x0000000800000000)
  region size 4096K, 6 young (24576K), 1 survivors (4096K)
 Metaspace       used 12114K, committed 12352K, reserved 1114112K
  class space    used 1607K, committed 1728K, reserved 1048576K
}
Event: 0.557 GC heap after
{Heap after GC invocations=2 (full 0):
 garbage-first heap   total 524288K, used 6494K [0x0000000602c00000, 0x0000000800000000)
  region size 4096K, 1 young (4096K), 1 survivors (4096K)
 Metaspace       used 12114K, committed 12352K, reserved 1114112K
  class space    used 1607K, committed 1728K, reserved 1048576K
}
Event: 0.859 GC heap before
{Heap before GC invocations=2 (full 0):
 garbage-first heap   total 524288K, used 55646K [0x0000000602c00000, 0x0000000800000000)
  region size 4096K, 13 young (53248K), 1 survivors (4096K)
 Metaspace       used 19728K, committed 20032K, reserved 1114112K
  class space    used 2669K, committed 2816K, reserved 1048576K
}
Event: 0.862 GC heap after
{Heap after GC invocations=3 (full 0):
 garbage-first heap   total 524288K, used 10238K [0x0000000602c00000, 0x0000000800000000)
  region size 4096K, 2 young (8192K), 2 survivors (8192K)
 Metaspace       used 19728K, committed 20032K, reserved 1114112K
  class space    used 2669K, committed 2816K, reserved 1048576K
}
Event: 0.933 GC heap before
{Heap before GC invocations=3 (full 0):
 garbage-first heap   total 524288K, used 18430K [0x0000000602c00000, 0x0000000800000000)
  region size 4096K, 5 young (20480K), 2 survivors (8192K)
 Metaspace       used 21222K, committed 21504K, reserved 1114112K
  class space    used 2890K, committed 3008K, reserved 1048576K
}
Event: 0.935 GC heap after
{Heap after GC invocations=4 (full 0):
 garbage-first heap   total 524288K, used 11171K [0x0000000602c00000, 0x0000000800000000)
  region size 4096K, 2 young (8192K), 2 survivors (8192K)
 Metaspace       used 21222K, committed 21504K, reserved 1114112K
  class space    used 2890K, committed 3008K, reserved 1048576K
}
Event: 1.216 GC heap before
{Heap before GC invocations=5 (full 0):
 garbage-first heap   total 69632K, used 48035K [0x0000000602c00000, 0x0000000800000000)
  region size 4096K, 12 young (49152K), 2 survivors (8192K)
 Metaspace       used 26501K, committed 26944K, reserved 1114112K
  class space    used 3642K, committed 3840K, reserved 1048576K
}
Event: 1.219 GC heap after
{Heap after GC invocations=6 (full 0):
 garbage-first heap   total 69632K, used 14106K [0x0000000602c00000, 0x0000000800000000)
  region size 4096K, 3 young (12288K), 3 survivors (12288K)
 Metaspace       used 26501K, committed 26944K, reserved 1114112K
  class space    used 3642K, committed 3840K, reserved 1048576K
}
Event: 1.257 GC heap before
{Heap before GC invocations=6 (full 0):
 garbage-first heap   total 69632K, used 18202K [0x0000000602c00000, 0x0000000800000000)
  region size 4096K, 4 young (16384K), 3 survivors (12288K)
 Metaspace       used 27186K, committed 27712K, reserved 1114112K
  class space    used 3740K, committed 3968K, reserved 1048576K
}
Event: 1.260 GC heap after
{Heap after GC invocations=7 (full 0):
 garbage-first heap   total 69632K, used 15050K [0x0000000602c00000, 0x0000000800000000)
  region size 4096K, 1 young (4096K), 1 survivors (4096K)
 Metaspace       used 27186K, committed 27712K, reserved 1114112K
  class space    used 3740K, committed 3968K, reserved 1048576K
}

