# JRE version: OpenJDK Runtime Environment Corretto-17.0.13.11.1 (17.0.13+11) (build 17.0.13+11-LTS)
# Java VM: OpenJDK 64-Bit Server VM Corretto-17.0.13.11.1 (17.0.13+11-LTS, mixed mode, emulated-client, sharing, tiered, compressed oops, compressed class ptrs, g1 gc, windows-amd64)
GC Precious Log:
 CPUs: 12 total, 12 available
 Memory: 32578M
 Large Page Support: Disabled
 NUMA Support: Disabled
 Compressed Oops: Enabled (Zero based)
 Heap Region Size: 4M
 Heap Min Capacity: 8M
 Heap Initial Capacity: 512M
 Heap Max Capacity: 8148M
 Pre-touch: Disabled
 Parallel Workers: 10
 Concurrent Workers: 3
 Concurrent Refinement Workers: 10
 Periodic GC: Disabled
Heap:
 garbage-first heap   total 69632K, used 26919K [0x0000000602c00000, 0x0000000800000000)
  region size 4096K, 4 young (16384K), 1 survivors (4096K)
 Metaspace       used 30621K, committed 31104K, reserved 1114112K
  class space    used 4187K, committed 4416K, reserved 1048576K
GC Heap History (10 events):
Event: 0.368 GC heap before
{Heap before GC invocations=0 (full 0):
 garbage-first heap   total 524288K, used 24576K [0x0000000602c00000, 0x0000000800000000)
  region size 4096K, 6 young (24576K), 0 survivors (0K)
 Metaspace       used 8105K, committed 8256K, reserved 1114112K
  class space    used 1046K, committed 1152K, reserved 1048576K
}
Event: 0.371 GC heap after
{Heap after GC invocations=1 (full 0):
 garbage-first heap   total 524288K, used 5109K [0x0000000602c00000, 0x0000000800000000)
  region size 4096K, 1 young (4096K), 1 survivors (4096K)
 Metaspace       used 8105K, committed 8256K, reserved 1114112K
  class space    used 1046K, committed 1152K, reserved 1048576K
}
Event: 0.512 GC heap before
{Heap before GC invocations=1 (full 0):
 garbage-first heap   total 524288K, used 21493K [0x0000000602c00000, 0x0000000800000000)
  region size 4096K, 6 young (24576K), 1 survivors (4096K)
 Metaspace       used 12154K, committed 12352K, reserved 1114112K
  class space    used 1613K, committed 1728K, reserved 1048576K
}
Event: 0.514 GC heap after
{Heap after GC invocations=2 (full 0):
 garbage-first heap   total 524288K, used 6540K [0x0000000602c00000, 0x0000000800000000)
  region size 4096K, 1 young (4096K), 1 survivors (4096K)
 Metaspace       used 12154K, committed 12352K, reserved 1114112K
  class space    used 1613K, committed 1728K, reserved 1048576K
}
Event: 0.879 GC heap before
{Heap before GC invocations=2 (full 0):
 garbage-first heap   total 524288K, used 59788K [0x0000000602c00000, 0x0000000800000000)
  region size 4096K, 15 young (61440K), 1 survivors (4096K)
 Metaspace       used 21223K, committed 21504K, reserved 1114112K
  class space    used 2888K, committed 3008K, reserved 1048576K
}
Event: 0.882 GC heap after
{Heap after GC invocations=3 (full 0):
 garbage-first heap   total 524288K, used 10941K [0x0000000602c00000, 0x0000000800000000)
  region size 4096K, 2 young (8192K), 2 survivors (8192K)
 Metaspace       used 21223K, committed 21504K, reserved 1114112K
  class space    used 2888K, committed 3008K, reserved 1048576K
}
Event: 1.210 GC heap before
{Heap before GC invocations=4 (full 0):
 garbage-first heap   total 69632K, used 47805K [0x0000000602c00000, 0x0000000800000000)
  region size 4096K, 12 young (49152K), 2 survivors (8192K)
 Metaspace       used 27416K, committed 27904K, reserved 1114112K
  class space    used 3766K, committed 3968K, reserved 1048576K
}
Event: 1.214 GC heap after
{Heap after GC invocations=5 (full 0):
 garbage-first heap   total 69632K, used 14570K [0x0000000602c00000, 0x0000000800000000)
  region size 4096K, 1 young (4096K), 1 survivors (4096K)
 Metaspace       used 27416K, committed 27904K, reserved 1114112K
  class space    used 3766K, committed 3968K, reserved 1048576K
}
Event: 1.258 GC heap before
{Heap before GC invocations=5 (full 0):
 garbage-first heap   total 69632K, used 18666K [0x0000000602c00000, 0x0000000800000000)
  region size 4096K, 2 young (8192K), 1 survivors (4096K)
 Metaspace       used 28007K, committed 28480K, reserved 1114112K
  class space    used 3852K, committed 4032K, reserved 1048576K
}
Event: 1.259 GC heap after
{Heap after GC invocations=6 (full 0):
 garbage-first heap   total 69632K, used 14631K [0x0000000602c00000, 0x0000000800000000)
  region size 4096K, 1 young (4096K), 1 survivors (4096K)
 Metaspace       used 28007K, committed 28480K, reserved 1114112K
  class space    used 3852K, committed 4032K, reserved 1048576K
}

